<?xml version="1.0" encoding="UTF-8"?>
<!-- Generated by org.testng.reporters.JUnitReportReporter -->
<testsuite hostname="Sadias-MacBook-Air.local" failures="0" tests="1" name="TestRunner" time="6.360" errors="0" timestamp="2021-07-10T16:28:35 EDT" skipped="0">
  <testcase classname="TestRunner" name="runScenario" time="6.360"/>
  <system-out/>
</testsuite> <!-- TestRunner -->
