<?xml version="1.0" encoding="UTF-8"?>
<!-- Generated by org.testng.reporters.JUnitReportReporter -->
<testsuite hostname="Sadias-MacBook-Air.local" failures="0" tests="1" name="TestRunner" time="9.202" errors="0" timestamp="2021-05-01T12:05:22 EDT" skipped="0">
  <testcase classname="TestRunner" name="runScenario" time="9.202"/>
  <system-out/>
</testsuite> <!-- TestRunner -->
